Arguments: 
  C:\Program Files\nodejs\node.exe C:\Program Files (x86)\Yarn\bin\yarn.js install

PATH: 
  C:\Program Files\iis express\PHP\v7.3;C:\Windows\system32\inetsrv;C:\Program Files (x86)\Common Files\Oracle\Java\javapath;C:\Windows\system32;C:\Windows;C:\Windows\System32\Wbem;C:\Windows\System32\WindowsPowerShell\v1.0\;C:\Program Files\Microsoft SQL Server\Client SDK\ODBC\110\Tools\Binn\;C:\Program Files (x86)\Microsoft SQL Server\120\Tools\Binn\ManagementStudio\;C:\Program Files (x86)\Microsoft SQL Server\120\Tools\Binn\;C:\Program Files\Microsoft SQL Server\120\Tools\Binn\;C:\Program Files (x86)\Microsoft SQL Server\120\DTS\Binn\;C:\Program Files\Microsoft SQL Server\120\DTS\Binn\;C:\Program Files\Microsoft\Web Platform Installer\;C:\Users\Wilfred\AppData\Local\Microsoft\WindowsApps;C:\Users\Wilfred\AppData\Local\Programs\Microsoft VS Code\bin;C:\Users\Wilfred\AppData\Roaming\npm;C:\ProgramData\ComposerSetup\bin;C:\Program Files\Symfony;C:\Users\Wilfred\AppData\Roaming\Composer\vendor\bin;C:\Users\Wilfred\AppData\Roaming\Python\Python37\Scripts;C:\Program Files\MySQL\MySQL Shell 8.0\bin\;C:\Program Files\heroku\bin;C:\Users\Wilfred\AppData\Local\Programs\Python\Python37-32;C:\OSGeo4W64\bin;C:\Users\Wilfred\AppData\Roaming\nvm;C:\Program Files\nodejs;C:\Program Files\Git\cmd;C:\Program Files\nodejs\;C:\Program Files (x86)\Yarn\bin\;C:\gradle-5.6.2\bin;\Scripts;\Scripts;C:\Program Files\Microsoft SQL Server\110\Tools\Binn\;\ScriptsC:\Windows;C:\Windows\system32;C:\Windows\System32\Wbem;C:\Program Files\dotnet\;C:\Program Files\NetBeans 8.2\java\maven\bin;C:\Program Files\MySQL\MySQL Shell 8.0\bin\;C:\Program Files\heroku\bin;C:\Users\Wilfred\AppData\Local\Programs\Microsoft VS Code\bin;C:\Users\Wilfred\AppData\Roaming\nvm;C:\Program Files\nodejs;C:\Users\Wilfred\AppData\Roaming\npm;C:\Users\Wilfred\AppData\Local\Yarn\bin;C:\Users\Wilfred\.dotnet\tools

Yarn version: 
  1.17.3

Node version: 
  10.16.0

Platform: 
  win32 x64

Trace: 
  Error: https://registry.yarnpkg.com/@angular/common/-/common-8.2.2.tgz: ESOCKETTIMEDOUT
      at ClientRequest.<anonymous> (C:\Program Files (x86)\Yarn\lib\cli.js:141091:19)
      at Object.onceWrapper (events.js:286:20)
      at ClientRequest.emit (events.js:198:13)
      at TLSSocket.emitRequestTimeout (_http_client.js:662:40)
      at Object.onceWrapper (events.js:286:20)
      at TLSSocket.emit (events.js:198:13)
      at TLSSocket.Socket._onTimeout (net.js:442:8)
      at ontimeout (timers.js:436:11)
      at tryOnTimeout (timers.js:300:5)
      at listOnTimeout (timers.js:263:5)

npm manifest: 
  {
    "name": "argon-dashboard-pro-angular",
    "version": "1.0.0",
    "scripts": {
      "ng": "ng",
      "start": "ng serve",
      "build": "ng build",
      "test": "ng test",
      "lint": "ng lint",
      "e2e": "ng e2e",
      "install:clean": "rm -rf node_modules/ && rm -rf package-lock.json && npm install && npm start"
    },
    "private": true,
    "dependencies": {
      "@angular/animations": "8.2.2",
      "@angular/common": "8.2.2",
      "@angular/compiler": "8.2.2",
      "@angular/core": "8.2.2",
      "@angular/forms": "8.2.2",
      "@angular/platform-browser": "8.2.2",
      "@angular/platform-browser-dynamic": "8.2.2",
      "@angular/router": "8.2.2",
      "@fullcalendar/core": "4.3.1",
      "@fullcalendar/daygrid": "4.3.0",
      "@fullcalendar/interaction": "4.3.0",
      "@swimlane/ngx-datatable": "15.0.2",
      "bootstrap": "4.3.1",
      "chart.js": "2.7.3",
      "clipboard": "2.0.4",
      "core-js": "3.2.1",
      "d3-scale": "3.0.1",
      "devextreme": "19.1.5",
      "devextreme-angular": "19.1.5",
      "dropzone": "5.5.1",
      "fullcalendar": "3.10.1",
      "list.js": "1.5.0",
      "mobius1-selectr": "2.4.13",
      "ngx-bootstrap": "5.1.1",
      "ngx-chips": "2.0.2",
      "ngx-clipboard": "12.2.0",
      "ngx-perfect-scrollbar": "8.0.0",
      "ngx-print": "1.2.0-beta.2",
      "ngx-toastr": "10.1.0",
      "nouislider": "11.1.0",
      "quill": "1.3.6",
      "rxjs": "6.5.2",
      "stream": "0.0.2",
      "sweetalert2": "8.16.3",
      "tslib": "1.10.0",
      "zone.js": "0.10.2"
    },
    "devDependencies": {
      "@angular-devkit/build-angular": "0.802.2",
      "@angular/cli": "8.2.2",
      "@angular/compiler-cli": "8.2.2",
      "@angular/language-service": "8.2.2",
      "@types/node": "12.7.2",
      "@types/jasmine": "3.4.0",
      "@types/jasminewd2": "2.0.6",
      "codelyzer": "5.1.0",
      "jasmine-core": "3.4.0",
      "jasmine-spec-reporter": "4.2.1",
      "karma": "4.2.0",
      "karma-chrome-launcher": "3.1.0",
      "karma-coverage-istanbul-reporter": "2.1.0",
      "karma-jasmine": "2.0.1",
      "karma-jasmine-html-reporter": "1.4.2",
      "protractor": "5.4.2",
      "ts-node": "8.3.0",
      "tslint": "5.19.0",
      "typescript": "3.5.3"
    }
  }

yarn manifest: 
  No manifest

Lockfile: 
  No lockfile
